<?xml version="1.0" encoding="UTF-8"?>
<beans xmlns="http://www.springframework.org/schema/beans"
	xmlns:xsi="http://www.w3.org/2001/XMLSchema-instance"
	xsi:schemaLocation="http://www.springframework.org/schema/beans http://www.springframework.org/schema/beans/spring-beans-3.1.xsd">

<!-- import du fichier de configuration de la couche persistance avec la datasource -->
	<import resource="classpath:spring/appliPerso-persistence.xml"/>
	
	<!-- import du fichier de configuration de la couche dao -->
	<import resource="classpath:spring/appliPerso-dao.xml"/>
	
	<!-- import du fichier de configuration de la couche domaine -->
	<import resource="classpath:spring/appliPerso-domaine.xml"/>
	
	<!-- import du fichier de configuration de la couche service -->
	<import resource="classpath:spring/appliPerso-service.xml"/>
	
	<!-- Pour mapper avec Dozer -->
	<import resource="classpath:spring/mapper-person-dozer.xml"/>

</beans>
